<?xml version="1.0" encoding="UTF-8" ?>
<testsuite failures="0" time="3.494" errors="0" skipped="0" tests="1" name="org.exoplatform.test.TestBookStore">
  <properties>
    <property name="java.runtime.name" value="Java(TM) SE Runtime Environment"/>
    <property name="sun.boot.library.path" value="/home/ngoctm/java/jdk1.6/jre/lib/i386"/>
    <property name="java.vm.version" value="19.0-b09"/>
    <property name="java.vm.vendor" value="Sun Microsystems Inc."/>
    <property name="java.vendor.url" value="http://java.sun.com/"/>
    <property name="path.separator" value=":"/>
    <property name="guice.disable.misplaced.annotation.check" value="true"/>
    <property name="java.vm.name" value="Java HotSpot(TM) Server VM"/>
    <property name="file.encoding.pkg" value="sun.io"/>
    <property name="user.country" value="US"/>
    <property name="sun.java.launcher" value="SUN_STANDARD"/>
    <property name="sun.os.patch.level" value="unknown"/>
    <property name="java.vm.specification.name" value="Java Virtual Machine Specification"/>
    <property name="user.dir" value="/home/ngoctm/java/eXoProjects/bookstore_ngoctm"/>
    <property name="java.runtime.version" value="1.6.0_23-b05"/>
    <property name="java.awt.graphicsenv" value="sun.awt.X11GraphicsEnvironment"/>
    <property name="java.endorsed.dirs" value="/home/ngoctm/java/jdk1.6/jre/lib/endorsed"/>
    <property name="os.arch" value="i386"/>
    <property name="java.io.tmpdir" value="/tmp"/>
    <property name="line.separator" value="
"/>
    <property name="java.vm.specification.vendor" value="Sun Microsystems Inc."/>
    <property name="os.name" value="Linux"/>
    <property name="classworlds.conf" value="/home/ngoctm/java/apache-maven-3.0.4/bin/m2.conf"/>
    <property name="sun.jnu.encoding" value="UTF-8"/>
    <property name="java.library.path" value="/home/ngoctm/java/jdk1.6/jre/lib/i386/server:/home/ngoctm/java/jdk1.6/jre/lib/i386:/home/ngoctm/java/jdk1.6/jre/../lib/i386:/usr/java/packages/lib/i386:/lib:/usr/lib"/>
    <property name="java.specification.name" value="Java Platform API Specification"/>
    <property name="java.class.version" value="50.0"/>
    <property name="sun.management.compiler" value="HotSpot Tiered Compilers"/>
    <property name="os.version" value="2.6.35-32-generic-pae"/>
    <property name="user.home" value="/home/ngoctm"/>
    <property name="user.timezone" value="Asia/Ho_Chi_Minh"/>
    <property name="java.awt.printerjob" value="sun.print.PSPrinterJob"/>
    <property name="file.encoding" value="UTF-8"/>
    <property name="java.specification.version" value="1.6"/>
    <property name="user.name" value="ngoctm"/>
    <property name="java.class.path" value="/home/ngoctm/java/apache-maven-3.0.4/boot/plexus-classworlds-2.4.jar"/>
    <property name="java.vm.specification.version" value="1.0"/>
    <property name="sun.arch.data.model" value="32"/>
    <property name="java.home" value="/home/ngoctm/java/jdk1.6/jre"/>
    <property name="java.specification.vendor" value="Sun Microsystems Inc."/>
    <property name="user.language" value="en"/>
    <property name="java.vm.info" value="mixed mode"/>
    <property name="java.version" value="1.6.0_23"/>
    <property name="java.ext.dirs" value="/home/ngoctm/java/jdk1.6/jre/lib/ext:/usr/java/packages/lib/ext"/>
    <property name="securerandom.source" value="file:/dev/./urandom"/>
    <property name="sun.boot.class.path" value="/home/ngoctm/java/jdk1.6/jre/lib/resources.jar:/home/ngoctm/java/jdk1.6/jre/lib/rt.jar:/home/ngoctm/java/jdk1.6/jre/lib/sunrsasign.jar:/home/ngoctm/java/jdk1.6/jre/lib/jsse.jar:/home/ngoctm/java/jdk1.6/jre/lib/jce.jar:/home/ngoctm/java/jdk1.6/jre/lib/charsets.jar:/home/ngoctm/java/jdk1.6/jre/lib/modules/jdk.boot.jar:/home/ngoctm/java/jdk1.6/jre/classes"/>
    <property name="java.vendor" value="Sun Microsystems Inc."/>
    <property name="maven.home" value="/home/ngoctm/java/apache-maven-3.0.4"/>
    <property name="file.separator" value="/"/>
    <property name="java.vendor.url.bug" value="http://java.sun.com/cgi-bin/bugreport.cgi"/>
    <property name="sun.cpu.endian" value="little"/>
    <property name="sun.io.unicode.encoding" value="UnicodeLittle"/>
    <property name="sun.desktop" value="gnome"/>
    <property name="sun.cpu.isalist" value=""/>
  </properties>
  <testcase time="0.013" classname="org.exoplatform.test.TestBookStore" name="testAddAndGetBook"/>
</testsuite>